# JRE version: Java(TM) SE Runtime Environment (8.0_201-b09) (build 1.8.0_201-b09)
# Java VM: Java HotSpot(TM) 64-Bit Server VM (25.201-b09 mixed mode bsd-amd64 compressed oops)
Heap:
 PSYoungGen      total 263680K, used 138208K [0x0000000795580000, 0x00000007ac600000, 0x00000007c0000000)
  eden space 231936K, 55% used [0x0000000795580000,0x000000079d2735c0,0x00000007a3800000)
  from space 31744K, 32% used [0x00000007a3800000,0x00000007a4204db0,0x00000007a5700000)
  to   space 30208K, 0% used [0x00000007aa880000,0x00000007aa880000,0x00000007ac600000)
 ParOldGen       total 98304K, used 62173K [0x0000000740000000, 0x0000000746000000, 0x0000000795580000)
  object space 98304K, 63% used [0x0000000740000000,0x0000000743cb75b8,0x0000000746000000)
 Metaspace       used 33617K, capacity 34028K, committed 34264K, reserved 1079296K
  class space    used 4616K, capacity 4762K, committed 4864K, reserved 1048576K
GC Heap History (10 events):
Event: 6.489 GC heap before
{Heap before GC invocations=11 (full 1):
 PSYoungGen      total 129024K, used 75208K [0x0000000795580000, 0x00000007a5880000, 0x00000007c0000000)
  eden space 101888K, 49% used [0x0000000795580000,0x00000007986b1400,0x000000079b900000)
  from space 27136K, 91% used [0x000000079b900000,0x000000079d140c00,0x000000079d380000)
  to   space 30720K, 0% used [0x00000007a3a80000,0x00000007a3a80000,0x00000007a5880000)
 ParOldGen       total 87552K, used 34620K [0x0000000740000000, 0x0000000745580000, 0x0000000795580000)
  object space 87552K, 39% used [0x0000000740000000,0x00000007421cf3d8,0x0000000745580000)
 Metaspace       used 21499K, capacity 21850K, committed 21976K, reserved 1069056K
  class space    used 2656K, capacity 2770K, committed 2816K, reserved 1048576K
Event: 6.513 GC heap after
Heap after GC invocations=11 (full 1):
 PSYoungGen      total 189440K, used 25750K [0x0000000795580000, 0x00000007a5400000, 0x00000007c0000000)
  eden space 163328K, 0% used [0x0000000795580000,0x0000000795580000,0x000000079f500000)
  from space 26112K, 98% used [0x00000007a3a80000,0x00000007a53a5930,0x00000007a5400000)
  to   space 33280K, 0% used [0x00000007a1300000,0x00000007a1300000,0x00000007a3380000)
 ParOldGen       total 87552K, used 43665K [0x0000000740000000, 0x0000000745580000, 0x0000000795580000)
  object space 87552K, 49% used [0x0000000740000000,0x0000000742aa4588,0x0000000745580000)
 Metaspace       used 21499K, capacity 21850K, committed 21976K, reserved 1069056K
  class space    used 2656K, capacity 2770K, committed 2816K, reserved 1048576K
}
Event: 6.513 GC heap before
{Heap before GC invocations=12 (full 2):
 PSYoungGen      total 189440K, used 25750K [0x0000000795580000, 0x00000007a5400000, 0x00000007c0000000)
  eden space 163328K, 0% used [0x0000000795580000,0x0000000795580000,0x000000079f500000)
  from space 26112K, 98% used [0x00000007a3a80000,0x00000007a53a5930,0x00000007a5400000)
  to   space 33280K, 0% used [0x00000007a1300000,0x00000007a1300000,0x00000007a3380000)
 ParOldGen       total 87552K, used 43665K [0x0000000740000000, 0x0000000745580000, 0x0000000795580000)
  object space 87552K, 49% used [0x0000000740000000,0x0000000742aa4588,0x0000000745580000)
 Metaspace       used 21499K, capacity 21850K, committed 21976K, reserved 1069056K
  class space    used 2656K, capacity 2770K, committed 2816K, reserved 1048576K
Event: 6.590 GC heap after
Heap after GC invocations=12 (full 2):
 PSYoungGen      total 189440K, used 0K [0x0000000795580000, 0x00000007a5400000, 0x00000007c0000000)
  eden space 163328K, 0% used [0x0000000795580000,0x0000000795580000,0x000000079f500000)
  from space 26112K, 0% used [0x00000007a3a80000,0x00000007a3a80000,0x00000007a5400000)
  to   space 33280K, 0% used [0x00000007a1300000,0x00000007a1300000,0x00000007a3380000)
 ParOldGen       total 98304K, used 44519K [0x0000000740000000, 0x0000000746000000, 0x0000000795580000)
  object space 98304K, 45% used [0x0000000740000000,0x0000000742b79eb0,0x0000000746000000)
 Metaspace       used 21499K, capacity 21850K, committed 21976K, reserved 1069056K
  class space    used 2656K, capacity 2770K, committed 2816K, reserved 1048576K
}
Event: 8.344 GC heap before
{Heap before GC invocations=13 (full 2):
 PSYoungGen      total 189440K, used 163328K [0x0000000795580000, 0x00000007a5400000, 0x00000007c0000000)
  eden space 163328K, 100% used [0x0000000795580000,0x000000079f500000,0x000000079f500000)
  from space 26112K, 0% used [0x00000007a3a80000,0x00000007a3a80000,0x00000007a5400000)
  to   space 33280K, 0% used [0x00000007a1300000,0x00000007a1300000,0x00000007a3380000)
 ParOldGen       total 98304K, used 44519K [0x0000000740000000, 0x0000000746000000, 0x0000000795580000)
  object space 98304K, 45% used [0x0000000740000000,0x0000000742b79eb0,0x0000000746000000)
 Metaspace       used 25384K, capacity 25686K, committed 26072K, reserved 1073152K
  class space    used 3166K, capacity 3258K, committed 3328K, reserved 1048576K
Event: 8.349 GC heap after
Heap after GC invocations=13 (full 2):
 PSYoungGen      total 227328K, used 6678K [0x0000000795580000, 0x00000007a7700000, 0x00000007c0000000)
  eden space 194048K, 0% used [0x0000000795580000,0x0000000795580000,0x00000007a1300000)
  from space 33280K, 20% used [0x00000007a1300000,0x00000007a1985b80,0x00000007a3380000)
  to   space 32768K, 0% used [0x00000007a5700000,0x00000007a5700000,0x00000007a7700000)
 ParOldGen       total 98304K, used 44527K [0x0000000740000000, 0x0000000746000000, 0x0000000795580000)
  object space 98304K, 45% used [0x0000000740000000,0x0000000742b7beb0,0x0000000746000000)
 Metaspace       used 25384K, capacity 25686K, committed 26072K, reserved 1073152K
  class space    used 3166K, capacity 3258K, committed 3328K, reserved 1048576K
}
Event: 11.633 GC heap before
{Heap before GC invocations=14 (full 2):
 PSYoungGen      total 227328K, used 200726K [0x0000000795580000, 0x00000007a7700000, 0x00000007c0000000)
  eden space 194048K, 100% used [0x0000000795580000,0x00000007a1300000,0x00000007a1300000)
  from space 33280K, 20% used [0x00000007a1300000,0x00000007a1985b80,0x00000007a3380000)
  to   space 32768K, 0% used [0x00000007a5700000,0x00000007a5700000,0x00000007a7700000)
 ParOldGen       total 98304K, used 44527K [0x0000000740000000, 0x0000000746000000, 0x0000000795580000)
  object space 98304K, 45% used [0x0000000740000000,0x0000000742b7beb0,0x0000000746000000)
 Metaspace       used 27018K, capacity 27318K, committed 27736K, reserved 1073152K
  class space    used 3512K, capacity 3610K, committed 3712K, reserved 1048576K
Event: 11.659 GC heap after
Heap after GC invocations=14 (full 2):
 PSYoungGen      total 264704K, used 15221K [0x0000000795580000, 0x00000007a9980000, 0x00000007c0000000)
  eden space 231936K, 0% used [0x0000000795580000,0x0000000795580000,0x00000007a3800000)
  from space 32768K, 46% used [0x00000007a5700000,0x00000007a65dd690,0x00000007a7700000)
  to   space 31744K, 0% used [0x00000007a3800000,0x00000007a3800000,0x00000007a5700000)
 ParOldGen       total 98304K, used 48642K [0x0000000740000000, 0x0000000746000000, 0x0000000795580000)
  object space 98304K, 49% used [0x0000000740000000,0x0000000742f80b70,0x0000000746000000)
 Metaspace       used 27018K, capacity 27318K, committed 27736K, reserved 1073152K
  class space    used 3512K, capacity 3610K, committed 3712K, reserved 1048576K
}
Event: 13.251 GC heap before
{Heap before GC invocations=15 (full 2):
 PSYoungGen      total 264704K, used 247157K [0x0000000795580000, 0x00000007a9980000, 0x00000007c0000000)
  eden space 231936K, 100% used [0x0000000795580000,0x00000007a3800000,0x00000007a3800000)
  from space 32768K, 46% used [0x00000007a5700000,0x00000007a65dd690,0x00000007a7700000)
  to   space 31744K, 0% used [0x00000007a3800000,0x00000007a3800000,0x00000007a5700000)
 ParOldGen       total 98304K, used 48642K [0x0000000740000000, 0x0000000746000000, 0x0000000795580000)
  object space 98304K, 49% used [0x0000000740000000,0x0000000742f80b70,0x0000000746000000)
 Metaspace       used 31194K, capacity 31542K, committed 31832K, reserved 1077248K
  class space    used 4341K, capacity 4442K, committed 4480K, reserved 1048576K
Event: 13.280 GC heap after
Heap after GC invocations=15 (full 2):
 PSYoungGen      total 263680K, used 10259K [0x0000000795580000, 0x00000007ac600000, 0x00000007c0000000)
  eden space 231936K, 0% used [0x0000000795580000,0x0000000795580000,0x00000007a3800000)
  from space 31744K, 32% used [0x00000007a3800000,0x00000007a4204db0,0x00000007a5700000)
  to   space 30208K, 0% used [0x00000007aa880000,0x00000007aa880000,0x00000007ac600000)
 ParOldGen       total 98304K, used 62173K [0x0000000740000000, 0x0000000746000000, 0x0000000795580000)
  object space 98304K, 63% used [0x0000000740000000,0x0000000743cb75b8,0x0000000746000000)
 Metaspace       used 31194K, capacity 31542K, committed 31832K, reserved 1077248K
  class space    used 4341K, capacity 4442K, committed 4480K, reserved 1048576K
}

