# JRE version: Java(TM) SE Runtime Environment (8.0_201-b09) (build 1.8.0_201-b09)
# Java VM: Java HotSpot(TM) 64-Bit Server VM (25.201-b09 mixed mode bsd-amd64 compressed oops)
Heap:
 PSYoungGen      total 635392K, used 596033K [0x0000000795580000, 0x00000007bfe80000, 0x00000007c0000000)
  eden space 573440K, 100% used [0x0000000795580000,0x00000007b8580000,0x00000007b8580000)
  from space 61952K, 36% used [0x00000007bc200000,0x00000007bd8105d8,0x00000007bfe80000)
  to   space 61952K, 32% used [0x00000007b8580000,0x00000007b9947e68,0x00000007bc200000)
 ParOldGen       total 541696K, used 413066K [0x0000000740000000, 0x0000000761100000, 0x0000000795580000)
  object space 541696K, 76% used [0x0000000740000000,0x0000000759362ac0,0x0000000761100000)
 Metaspace       used 71796K, capacity 73575K, committed 73944K, reserved 1114112K
  class space    used 8921K, capacity 9302K, committed 9472K, reserved 1048576K
GC Heap History (10 events):
Event: 3161.202 GC heap before
{Heap before GC invocations=338 (full 10):
 PSYoungGen      total 627712K, used 33806K [0x0000000795580000, 0x00000007bfe00000, 0x00000007c0000000)
  eden space 561664K, 0% used [0x0000000795580000,0x00000007956f0500,0x00000007b7a00000)
  from space 66048K, 48% used [0x00000007b7a00000,0x00000007b9993350,0x00000007bba80000)
  to   space 65024K, 0% used [0x00000007bbe80000,0x00000007bbe80000,0x00000007bfe00000)
 ParOldGen       total 541696K, used 399271K [0x0000000740000000, 0x0000000761100000, 0x0000000795580000)
  object space 541696K, 73% used [0x0000000740000000,0x00000007585e9e10,0x0000000761100000)
 Metaspace       used 71769K, capacity 73575K, committed 73944K, reserved 1114112K
  class space    used 8921K, capacity 9302K, committed 9472K, reserved 1048576K
Event: 3161.210 GC heap after
Heap after GC invocations=338 (full 10):
 PSYoungGen      total 631808K, used 31827K [0x0000000795580000, 0x00000007bfd00000, 0x00000007c0000000)
  eden space 567808K, 0% used [0x0000000795580000,0x0000000795580000,0x00000007b8000000)
  from space 64000K, 49% used [0x00000007bbe80000,0x00000007bdd94db0,0x00000007bfd00000)
  to   space 64000K, 0% used [0x00000007b8000000,0x00000007b8000000,0x00000007bbe80000)
 ParOldGen       total 541696K, used 399766K [0x0000000740000000, 0x0000000761100000, 0x0000000795580000)
  object space 541696K, 73% used [0x0000000740000000,0x0000000758665ad0,0x0000000761100000)
 Metaspace       used 71769K, capacity 73575K, committed 73944K, reserved 1114112K
  class space    used 8921K, capacity 9302K, committed 9472K, reserved 1048576K
}
Event: 3172.706 GC heap before
{Heap before GC invocations=339 (full 10):
 PSYoungGen      total 631808K, used 599635K [0x0000000795580000, 0x00000007bfd00000, 0x00000007c0000000)
  eden space 567808K, 100% used [0x0000000795580000,0x00000007b8000000,0x00000007b8000000)
  from space 64000K, 49% used [0x00000007bbe80000,0x00000007bdd94db0,0x00000007bfd00000)
  to   space 64000K, 0% used [0x00000007b8000000,0x00000007b8000000,0x00000007bbe80000)
 ParOldGen       total 541696K, used 399766K [0x0000000740000000, 0x0000000761100000, 0x0000000795580000)
  object space 541696K, 73% used [0x0000000740000000,0x0000000758665ad0,0x0000000761100000)
 Metaspace       used 71786K, capacity 73575K, committed 73944K, reserved 1114112K
  class space    used 8921K, capacity 9302K, committed 9472K, reserved 1048576K
Event: 3172.718 GC heap after
Heap after GC invocations=339 (full 10):
 PSYoungGen      total 631808K, used 27970K [0x0000000795580000, 0x00000007bff00000, 0x00000007c0000000)
  eden space 567808K, 0% used [0x0000000795580000,0x0000000795580000,0x00000007b8000000)
  from space 64000K, 43% used [0x00000007b8000000,0x00000007b9b50b68,0x00000007bbe80000)
  to   space 63488K, 0% used [0x00000007bc100000,0x00000007bc100000,0x00000007bff00000)
 ParOldGen       total 541696K, used 406339K [0x0000000740000000, 0x0000000761100000, 0x0000000795580000)
  object space 541696K, 75% used [0x0000000740000000,0x0000000758cd0f70,0x0000000761100000)
 Metaspace       used 71786K, capacity 73575K, committed 73944K, reserved 1114112K
  class space    used 8921K, capacity 9302K, committed 9472K, reserved 1048576K
}
Event: 3195.626 GC heap before
{Heap before GC invocations=340 (full 10):
 PSYoungGen      total 631808K, used 595778K [0x0000000795580000, 0x00000007bff00000, 0x00000007c0000000)
  eden space 567808K, 100% used [0x0000000795580000,0x00000007b8000000,0x00000007b8000000)
  from space 64000K, 43% used [0x00000007b8000000,0x00000007b9b50b68,0x00000007bbe80000)
  to   space 63488K, 0% used [0x00000007bc100000,0x00000007bc100000,0x00000007bff00000)
 ParOldGen       total 541696K, used 406339K [0x0000000740000000, 0x0000000761100000, 0x0000000795580000)
  object space 541696K, 75% used [0x0000000740000000,0x0000000758cd0f70,0x0000000761100000)
 Metaspace       used 71790K, capacity 73575K, committed 73944K, reserved 1114112K
  class space    used 8921K, capacity 9302K, committed 9472K, reserved 1048576K
Event: 3195.633 GC heap after
Heap after GC invocations=340 (full 10):
 PSYoungGen      total 634368K, used 26374K [0x0000000795580000, 0x00000007bfe80000, 0x00000007c0000000)
  eden space 571392K, 0% used [0x0000000795580000,0x0000000795580000,0x00000007b8380000)
  from space 62976K, 41% used [0x00000007bc100000,0x00000007bdac18f0,0x00000007bfe80000)
  to   space 62976K, 0% used [0x00000007b8380000,0x00000007b8380000,0x00000007bc100000)
 ParOldGen       total 541696K, used 407075K [0x0000000740000000, 0x0000000761100000, 0x0000000795580000)
  object space 541696K, 75% used [0x0000000740000000,0x0000000758d88f70,0x0000000761100000)
 Metaspace       used 71790K, capacity 73575K, committed 73944K, reserved 1114112K
  class space    used 8921K, capacity 9302K, committed 9472K, reserved 1048576K
}
Event: 3220.129 GC heap before
{Heap before GC invocations=341 (full 10):
 PSYoungGen      total 634368K, used 597766K [0x0000000795580000, 0x00000007bfe80000, 0x00000007c0000000)
  eden space 571392K, 100% used [0x0000000795580000,0x00000007b8380000,0x00000007b8380000)
  from space 62976K, 41% used [0x00000007bc100000,0x00000007bdac18f0,0x00000007bfe80000)
  to   space 62976K, 0% used [0x00000007b8380000,0x00000007b8380000,0x00000007bc100000)
 ParOldGen       total 541696K, used 407075K [0x0000000740000000, 0x0000000761100000, 0x0000000795580000)
  object space 541696K, 75% used [0x0000000740000000,0x0000000758d88f70,0x0000000761100000)
 Metaspace       used 71793K, capacity 73575K, committed 73944K, reserved 1114112K
  class space    used 8921K, capacity 9302K, committed 9472K, reserved 1048576K
Event: 3220.139 GC heap after
Heap after GC invocations=341 (full 10):
 PSYoungGen      total 634368K, used 25836K [0x0000000795580000, 0x00000007bff00000, 0x00000007c0000000)
  eden space 571392K, 0% used [0x0000000795580000,0x0000000795580000,0x00000007b8380000)
  from space 62976K, 41% used [0x00000007b8380000,0x00000007b9cbb220,0x00000007bc100000)
  to   space 62464K, 0% used [0x00000007bc200000,0x00000007bc200000,0x00000007bff00000)
 ParOldGen       total 541696K, used 407803K [0x0000000740000000, 0x0000000761100000, 0x0000000795580000)
  object space 541696K, 75% used [0x0000000740000000,0x0000000758e3ee30,0x0000000761100000)
 Metaspace       used 71793K, capacity 73575K, committed 73944K, reserved 1114112K
  class space    used 8921K, capacity 9302K, committed 9472K, reserved 1048576K
}
Event: 3246.025 GC heap before
{Heap before GC invocations=342 (full 10):
 PSYoungGen      total 634368K, used 597228K [0x0000000795580000, 0x00000007bff00000, 0x00000007c0000000)
  eden space 571392K, 100% used [0x0000000795580000,0x00000007b8380000,0x00000007b8380000)
  from space 62976K, 41% used [0x00000007b8380000,0x00000007b9cbb220,0x00000007bc100000)
  to   space 62464K, 0% used [0x00000007bc200000,0x00000007bc200000,0x00000007bff00000)
 ParOldGen       total 541696K, used 407803K [0x0000000740000000, 0x0000000761100000, 0x0000000795580000)
  object space 541696K, 75% used [0x0000000740000000,0x0000000758e3ee30,0x0000000761100000)
 Metaspace       used 71796K, capacity 73575K, committed 73944K, reserved 1114112K
  class space    used 8921K, capacity 9302K, committed 9472K, reserved 1048576K
Event: 3246.037 GC heap after
Heap after GC invocations=342 (full 10):
 PSYoungGen      total 635392K, used 22593K [0x0000000795580000, 0x00000007bfe80000, 0x00000007c0000000)
  eden space 573440K, 0% used [0x0000000795580000,0x0000000795580000,0x00000007b8580000)
  from space 61952K, 36% used [0x00000007bc200000,0x00000007bd8105d8,0x00000007bfe80000)
  to   space 61952K, 0% used [0x00000007b8580000,0x00000007b8580000,0x00000007bc200000)
 ParOldGen       total 541696K, used 411409K [0x0000000740000000, 0x0000000761100000, 0x0000000795580000)
  object space 541696K, 75% used [0x0000000740000000,0x00000007591c4760,0x0000000761100000)
 Metaspace       used 71796K, capacity 73575K, committed 73944K, reserved 1114112K
  class space    used 8921K, capacity 9302K, committed 9472K, reserved 1048576K
}

