# JRE version: Java(TM) SE Runtime Environment (8.0_201-b09) (build 1.8.0_201-b09)
# Java VM: Java HotSpot(TM) 64-Bit Server VM (25.201-b09 mixed mode bsd-amd64 compressed oops)
Heap:
 PSYoungGen      total 380416K, used 86764K [0x0000000795580000, 0x00000007b3080000, 0x00000007c0000000)
  eden space 351232K, 16% used [0x0000000795580000,0x0000000798e55eb8,0x00000007aac80000)
  from space 29184K, 97% used [0x00000007aac80000,0x00000007ac865340,0x00000007ac900000)
  to   space 33280K, 0% used [0x00000007b1000000,0x00000007b1000000,0x00000007b3080000)
 ParOldGen       total 110080K, used 46983K [0x0000000740000000, 0x0000000746b80000, 0x0000000795580000)
  object space 110080K, 42% used [0x0000000740000000,0x0000000742de1ea8,0x0000000746b80000)
 Metaspace       used 33584K, capacity 34022K, committed 34264K, reserved 1079296K
  class space    used 4616K, capacity 4761K, committed 4864K, reserved 1048576K
GC Heap History (10 events):
Event: 6.610 GC heap before
{Heap before GC invocations=9 (full 1):
 PSYoungGen      total 138240K, used 30360K [0x0000000795580000, 0x00000007a6280000, 0x00000007c0000000)
  eden space 108544K, 20% used [0x0000000795580000,0x0000000796b2aac8,0x000000079bf80000)
  from space 29696K, 27% used [0x000000079bf80000,0x000000079c77b7e0,0x000000079dc80000)
  to   space 29184K, 0% used [0x00000007a4600000,0x00000007a4600000,0x00000007a6280000)
 ParOldGen       total 87552K, used 60194K [0x0000000740000000, 0x0000000745580000, 0x0000000795580000)
  object space 87552K, 68% used [0x0000000740000000,0x0000000743ac8870,0x0000000745580000)
 Metaspace       used 21553K, capacity 21844K, committed 21976K, reserved 1069056K
  class space    used 2668K, capacity 2769K, committed 2816K, reserved 1048576K
Event: 6.637 GC heap after
Heap after GC invocations=9 (full 1):
 PSYoungGen      total 245248K, used 16304K [0x0000000795580000, 0x00000007a6180000, 0x00000007c0000000)
  eden space 217088K, 0% used [0x0000000795580000,0x0000000795580000,0x00000007a2980000)
  from space 28160K, 57% used [0x00000007a4600000,0x00000007a55ec010,0x00000007a6180000)
  to   space 28672K, 0% used [0x00000007a2980000,0x00000007a2980000,0x00000007a4580000)
 ParOldGen       total 87552K, used 61655K [0x0000000740000000, 0x0000000745580000, 0x0000000795580000)
  object space 87552K, 70% used [0x0000000740000000,0x0000000743c35f20,0x0000000745580000)
 Metaspace       used 21553K, capacity 21844K, committed 21976K, reserved 1069056K
  class space    used 2668K, capacity 2769K, committed 2816K, reserved 1048576K
}
Event: 6.637 GC heap before
{Heap before GC invocations=10 (full 2):
 PSYoungGen      total 245248K, used 16304K [0x0000000795580000, 0x00000007a6180000, 0x00000007c0000000)
  eden space 217088K, 0% used [0x0000000795580000,0x0000000795580000,0x00000007a2980000)
  from space 28160K, 57% used [0x00000007a4600000,0x00000007a55ec010,0x00000007a6180000)
  to   space 28672K, 0% used [0x00000007a2980000,0x00000007a2980000,0x00000007a4580000)
 ParOldGen       total 87552K, used 61655K [0x0000000740000000, 0x0000000745580000, 0x0000000795580000)
  object space 87552K, 70% used [0x0000000740000000,0x0000000743c35f20,0x0000000745580000)
 Metaspace       used 21553K, capacity 21844K, committed 21976K, reserved 1069056K
  class space    used 2668K, capacity 2769K, committed 2816K, reserved 1048576K
Event: 6.720 GC heap after
Heap after GC invocations=10 (full 2):
 PSYoungGen      total 245248K, used 0K [0x0000000795580000, 0x00000007a6180000, 0x00000007c0000000)
  eden space 217088K, 0% used [0x0000000795580000,0x0000000795580000,0x00000007a2980000)
  from space 28160K, 0% used [0x00000007a4600000,0x00000007a4600000,0x00000007a6180000)
  to   space 28672K, 0% used [0x00000007a2980000,0x00000007a2980000,0x00000007a4580000)
 ParOldGen       total 110080K, used 44203K [0x0000000740000000, 0x0000000746b80000, 0x0000000795580000)
  object space 110080K, 40% used [0x0000000740000000,0x0000000742b2afb0,0x0000000746b80000)
 Metaspace       used 21553K, capacity 21844K, committed 21976K, reserved 1069056K
  class space    used 2668K, capacity 2769K, committed 2816K, reserved 1048576K
}
Event: 7.313 GC heap before
{Heap before GC invocations=11 (full 2):
 PSYoungGen      total 245248K, used 217088K [0x0000000795580000, 0x00000007a6180000, 0x00000007c0000000)
  eden space 217088K, 100% used [0x0000000795580000,0x00000007a2980000,0x00000007a2980000)
  from space 28160K, 0% used [0x00000007a4600000,0x00000007a4600000,0x00000007a6180000)
  to   space 28672K, 0% used [0x00000007a2980000,0x00000007a2980000,0x00000007a4580000)
 ParOldGen       total 110080K, used 44203K [0x0000000740000000, 0x0000000746b80000, 0x0000000795580000)
  object space 110080K, 40% used [0x0000000740000000,0x0000000742b2afb0,0x0000000746b80000)
 Metaspace       used 24617K, capacity 25008K, committed 25176K, reserved 1071104K
  class space    used 3043K, capacity 3161K, committed 3200K, reserved 1048576K
Event: 7.319 GC heap after
Heap after GC invocations=11 (full 2):
 PSYoungGen      total 245760K, used 4600K [0x0000000795580000, 0x00000007aef00000, 0x00000007c0000000)
  eden space 217088K, 0% used [0x0000000795580000,0x0000000795580000,0x00000007a2980000)
  from space 28672K, 16% used [0x00000007a2980000,0x00000007a2dfe2d0,0x00000007a4580000)
  to   space 28672K, 0% used [0x00000007ad300000,0x00000007ad300000,0x00000007aef00000)
 ParOldGen       total 110080K, used 44211K [0x0000000740000000, 0x0000000746b80000, 0x0000000795580000)
  object space 110080K, 40% used [0x0000000740000000,0x0000000742b2cfb0,0x0000000746b80000)
 Metaspace       used 24617K, capacity 25008K, committed 25176K, reserved 1071104K
  class space    used 3043K, capacity 3161K, committed 3200K, reserved 1048576K
}
Event: 8.053 GC heap before
{Heap before GC invocations=12 (full 2):
 PSYoungGen      total 245760K, used 221688K [0x0000000795580000, 0x00000007aef00000, 0x00000007c0000000)
  eden space 217088K, 100% used [0x0000000795580000,0x00000007a2980000,0x00000007a2980000)
  from space 28672K, 16% used [0x00000007a2980000,0x00000007a2dfe2d0,0x00000007a4580000)
  to   space 28672K, 0% used [0x00000007ad300000,0x00000007ad300000,0x00000007aef00000)
 ParOldGen       total 110080K, used 44211K [0x0000000740000000, 0x0000000746b80000, 0x0000000795580000)
  object space 110080K, 40% used [0x0000000740000000,0x0000000742b2cfb0,0x0000000746b80000)
 Metaspace       used 26829K, capacity 27216K, committed 27352K, reserved 1073152K
  class space    used 3466K, capacity 3577K, committed 3584K, reserved 1048576K
Event: 8.068 GC heap after
Heap after GC invocations=12 (full 2):
 PSYoungGen      total 320512K, used 18574K [0x0000000795580000, 0x00000007ae580000, 0x00000007c0000000)
  eden space 301568K, 0% used [0x0000000795580000,0x0000000795580000,0x00000007a7c00000)
  from space 18944K, 98% used [0x00000007ad300000,0x00000007ae5239b8,0x00000007ae580000)
  to   space 29184K, 0% used [0x00000007aac80000,0x00000007aac80000,0x00000007ac900000)
 ParOldGen       total 110080K, used 44219K [0x0000000740000000, 0x0000000746b80000, 0x0000000795580000)
  object space 110080K, 40% used [0x0000000740000000,0x0000000742b2efb0,0x0000000746b80000)
 Metaspace       used 26829K, capacity 27216K, committed 27352K, reserved 1073152K
  class space    used 3466K, capacity 3577K, committed 3584K, reserved 1048576K
}
Event: 8.944 GC heap before
{Heap before GC invocations=13 (full 2):
 PSYoungGen      total 320512K, used 320142K [0x0000000795580000, 0x00000007ae580000, 0x00000007c0000000)
  eden space 301568K, 100% used [0x0000000795580000,0x00000007a7c00000,0x00000007a7c00000)
  from space 18944K, 98% used [0x00000007ad300000,0x00000007ae5239b8,0x00000007ae580000)
  to   space 29184K, 0% used [0x00000007aac80000,0x00000007aac80000,0x00000007ac900000)
 ParOldGen       total 110080K, used 44219K [0x0000000740000000, 0x0000000746b80000, 0x0000000795580000)
  object space 110080K, 40% used [0x0000000740000000,0x0000000742b2efb0,0x0000000746b80000)
 Metaspace       used 31859K, capacity 32282K, committed 32472K, reserved 1077248K
  class space    used 4416K, capacity 4583K, committed 4608K, reserved 1048576K
Event: 8.970 GC heap after
Heap after GC invocations=13 (full 2):
 PSYoungGen      total 380416K, used 28564K [0x0000000795580000, 0x00000007b3080000, 0x00000007c0000000)
  eden space 351232K, 0% used [0x0000000795580000,0x0000000795580000,0x00000007aac80000)
  from space 29184K, 97% used [0x00000007aac80000,0x00000007ac865340,0x00000007ac900000)
  to   space 33280K, 0% used [0x00000007b1000000,0x00000007b1000000,0x00000007b3080000)
 ParOldGen       total 110080K, used 46983K [0x0000000740000000, 0x0000000746b80000, 0x0000000795580000)
  object space 110080K, 42% used [0x0000000740000000,0x0000000742de1ea8,0x0000000746b80000)
 Metaspace       used 31859K, capacity 32282K, committed 32472K, reserved 1077248K
  class space    used 4416K, capacity 4583K, committed 4608K, reserved 1048576K
}

