# JRE version: Java(TM) SE Runtime Environment (8.0_201-b09) (build 1.8.0_201-b09)
# Java VM: Java HotSpot(TM) 64-Bit Server VM (25.201-b09 mixed mode bsd-amd64 compressed oops)
Heap:
 PSYoungGen      total 262144K, used 148069K [0x0000000795580000, 0x00000007aca00000, 0x00000007c0000000)
  eden space 230400K, 59% used [0x0000000795580000,0x000000079dc64ea0,0x00000007a3680000)
  from space 31744K, 31% used [0x00000007a3680000,0x00000007a4034860,0x00000007a5580000)
  to   space 30720K, 0% used [0x00000007aac00000,0x00000007aac00000,0x00000007aca00000)
 ParOldGen       total 99328K, used 62409K [0x0000000740000000, 0x0000000746100000, 0x0000000795580000)
  object space 99328K, 62% used [0x0000000740000000,0x0000000743cf2788,0x0000000746100000)
 Metaspace       used 33583K, capacity 34024K, committed 34264K, reserved 1079296K
  class space    used 4616K, capacity 4762K, committed 4864K, reserved 1048576K
GC Heap History (10 events):
Event: 3.564 GC heap before
{Heap before GC invocations=11 (full 1):
 PSYoungGen      total 129536K, used 75466K [0x0000000795580000, 0x00000007a5980000, 0x00000007c0000000)
  eden space 102400K, 49% used [0x0000000795580000,0x00000007986d83b0,0x000000079b980000)
  from space 27136K, 91% used [0x000000079b980000,0x000000079d1da4a8,0x000000079d400000)
  to   space 30720K, 0% used [0x00000007a3b80000,0x00000007a3b80000,0x00000007a5980000)
 ParOldGen       total 87552K, used 35047K [0x0000000740000000, 0x0000000745580000, 0x0000000795580000)
  object space 87552K, 40% used [0x0000000740000000,0x0000000742239d88,0x0000000745580000)
 Metaspace       used 21562K, capacity 21846K, committed 21976K, reserved 1069056K
  class space    used 2666K, capacity 2770K, committed 2816K, reserved 1048576K
Event: 3.585 GC heap after
Heap after GC invocations=11 (full 1):
 PSYoungGen      total 189952K, used 25655K [0x0000000795580000, 0x00000007a5500000, 0x00000007c0000000)
  eden space 163840K, 0% used [0x0000000795580000,0x0000000795580000,0x000000079f580000)
  from space 26112K, 98% used [0x00000007a3b80000,0x00000007a548dc78,0x00000007a5500000)
  to   space 33792K, 0% used [0x00000007a1300000,0x00000007a1300000,0x00000007a3400000)
 ParOldGen       total 87552K, used 44429K [0x0000000740000000, 0x0000000745580000, 0x0000000795580000)
  object space 87552K, 50% used [0x0000000740000000,0x0000000742b63460,0x0000000745580000)
 Metaspace       used 21562K, capacity 21846K, committed 21976K, reserved 1069056K
  class space    used 2666K, capacity 2770K, committed 2816K, reserved 1048576K
}
Event: 3.585 GC heap before
{Heap before GC invocations=12 (full 2):
 PSYoungGen      total 189952K, used 25655K [0x0000000795580000, 0x00000007a5500000, 0x00000007c0000000)
  eden space 163840K, 0% used [0x0000000795580000,0x0000000795580000,0x000000079f580000)
  from space 26112K, 98% used [0x00000007a3b80000,0x00000007a548dc78,0x00000007a5500000)
  to   space 33792K, 0% used [0x00000007a1300000,0x00000007a1300000,0x00000007a3400000)
 ParOldGen       total 87552K, used 44429K [0x0000000740000000, 0x0000000745580000, 0x0000000795580000)
  object space 87552K, 50% used [0x0000000740000000,0x0000000742b63460,0x0000000745580000)
 Metaspace       used 21562K, capacity 21846K, committed 21976K, reserved 1069056K
  class space    used 2666K, capacity 2770K, committed 2816K, reserved 1048576K
Event: 3.646 GC heap after
Heap after GC invocations=12 (full 2):
 PSYoungGen      total 189952K, used 0K [0x0000000795580000, 0x00000007a5500000, 0x00000007c0000000)
  eden space 163840K, 0% used [0x0000000795580000,0x0000000795580000,0x000000079f580000)
  from space 26112K, 0% used [0x00000007a3b80000,0x00000007a3b80000,0x00000007a5500000)
  to   space 33792K, 0% used [0x00000007a1300000,0x00000007a1300000,0x00000007a3400000)
 ParOldGen       total 99328K, used 44614K [0x0000000740000000, 0x0000000746100000, 0x0000000795580000)
  object space 99328K, 44% used [0x0000000740000000,0x0000000742b918e8,0x0000000746100000)
 Metaspace       used 21562K, capacity 21846K, committed 21976K, reserved 1069056K
  class space    used 2666K, capacity 2770K, committed 2816K, reserved 1048576K
}
Event: 4.317 GC heap before
{Heap before GC invocations=13 (full 2):
 PSYoungGen      total 189952K, used 163840K [0x0000000795580000, 0x00000007a5500000, 0x00000007c0000000)
  eden space 163840K, 100% used [0x0000000795580000,0x000000079f580000,0x000000079f580000)
  from space 26112K, 0% used [0x00000007a3b80000,0x00000007a3b80000,0x00000007a5500000)
  to   space 33792K, 0% used [0x00000007a1300000,0x00000007a1300000,0x00000007a3400000)
 ParOldGen       total 99328K, used 44614K [0x0000000740000000, 0x0000000746100000, 0x0000000795580000)
  object space 99328K, 44% used [0x0000000740000000,0x0000000742b918e8,0x0000000746100000)
 Metaspace       used 25431K, capacity 25778K, committed 26072K, reserved 1073152K
  class space    used 3180K, capacity 3290K, committed 3328K, reserved 1048576K
Event: 4.323 GC heap after
Heap after GC invocations=13 (full 2):
 PSYoungGen      total 227840K, used 6741K [0x0000000795580000, 0x00000007a7600000, 0x00000007c0000000)
  eden space 194048K, 0% used [0x0000000795580000,0x0000000795580000,0x00000007a1300000)
  from space 33792K, 19% used [0x00000007a1300000,0x00000007a19957e0,0x00000007a3400000)
  to   space 33280K, 0% used [0x00000007a5580000,0x00000007a5580000,0x00000007a7600000)
 ParOldGen       total 99328K, used 44622K [0x0000000740000000, 0x0000000746100000, 0x0000000795580000)
  object space 99328K, 44% used [0x0000000740000000,0x0000000742b938e8,0x0000000746100000)
 Metaspace       used 25431K, capacity 25778K, committed 26072K, reserved 1073152K
  class space    used 3180K, capacity 3290K, committed 3328K, reserved 1048576K
}
Event: 5.236 GC heap before
{Heap before GC invocations=14 (full 2):
 PSYoungGen      total 227840K, used 200789K [0x0000000795580000, 0x00000007a7600000, 0x00000007c0000000)
  eden space 194048K, 100% used [0x0000000795580000,0x00000007a1300000,0x00000007a1300000)
  from space 33792K, 19% used [0x00000007a1300000,0x00000007a19957e0,0x00000007a3400000)
  to   space 33280K, 0% used [0x00000007a5580000,0x00000007a5580000,0x00000007a7600000)
 ParOldGen       total 99328K, used 44622K [0x0000000740000000, 0x0000000746100000, 0x0000000795580000)
  object space 99328K, 44% used [0x0000000740000000,0x0000000742b938e8,0x0000000746100000)
 Metaspace       used 27000K, capacity 27314K, committed 27736K, reserved 1073152K
  class space    used 3514K, capacity 3610K, committed 3712K, reserved 1048576K
Event: 5.251 GC heap after
Heap after GC invocations=14 (full 2):
 PSYoungGen      total 263680K, used 15110K [0x0000000795580000, 0x00000007a9780000, 0x00000007c0000000)
  eden space 230400K, 0% used [0x0000000795580000,0x0000000795580000,0x00000007a3680000)
  from space 33280K, 45% used [0x00000007a5580000,0x00000007a6441b58,0x00000007a7600000)
  to   space 31744K, 0% used [0x00000007a3680000,0x00000007a3680000,0x00000007a5580000)
 ParOldGen       total 99328K, used 48788K [0x0000000740000000, 0x0000000746100000, 0x0000000795580000)
  object space 99328K, 49% used [0x0000000740000000,0x0000000742fa5128,0x0000000746100000)
 Metaspace       used 27000K, capacity 27314K, committed 27736K, reserved 1073152K
  class space    used 3514K, capacity 3610K, committed 3712K, reserved 1048576K
}
Event: 5.816 GC heap before
{Heap before GC invocations=15 (full 2):
 PSYoungGen      total 263680K, used 245510K [0x0000000795580000, 0x00000007a9780000, 0x00000007c0000000)
  eden space 230400K, 100% used [0x0000000795580000,0x00000007a3680000,0x00000007a3680000)
  from space 33280K, 45% used [0x00000007a5580000,0x00000007a6441b58,0x00000007a7600000)
  to   space 31744K, 0% used [0x00000007a3680000,0x00000007a3680000,0x00000007a5580000)
 ParOldGen       total 99328K, used 48788K [0x0000000740000000, 0x0000000746100000, 0x0000000795580000)
  object space 99328K, 49% used [0x0000000740000000,0x0000000742fa5128,0x0000000746100000)
 Metaspace       used 31125K, capacity 31410K, committed 31576K, reserved 1077248K
  class space    used 4334K, capacity 4442K, committed 4480K, reserved 1048576K
Event: 5.852 GC heap after
Heap after GC invocations=15 (full 2):
 PSYoungGen      total 262144K, used 9938K [0x0000000795580000, 0x00000007aca00000, 0x00000007c0000000)
  eden space 230400K, 0% used [0x0000000795580000,0x0000000795580000,0x00000007a3680000)
  from space 31744K, 31% used [0x00000007a3680000,0x00000007a4034860,0x00000007a5580000)
  to   space 30720K, 0% used [0x00000007aac00000,0x00000007aac00000,0x00000007aca00000)
 ParOldGen       total 99328K, used 62409K [0x0000000740000000, 0x0000000746100000, 0x0000000795580000)
  object space 99328K, 62% used [0x0000000740000000,0x0000000743cf2788,0x0000000746100000)
 Metaspace       used 31125K, capacity 31410K, committed 31576K, reserved 1077248K
  class space    used 4334K, capacity 4442K, committed 4480K, reserved 1048576K
}

