# JRE version: Java(TM) SE Runtime Environment (8.0_201-b09) (build 1.8.0_201-b09)
# Java VM: Java HotSpot(TM) 64-Bit Server VM (25.201-b09 mixed mode bsd-amd64 compressed oops)
Heap:
 PSYoungGen      total 560640K, used 49875K [0x0000000795580000, 0x00000007bb980000, 0x00000007c0000000)
  eden space 551424K, 7% used [0x0000000795580000,0x0000000797d9a3b0,0x00000007b7000000)
  from space 9216K, 95% used [0x00000007b9500000,0x00000007b9d9aa60,0x00000007b9e00000)
  to   space 23040K, 0% used [0x00000007ba300000,0x00000007ba300000,0x00000007bb980000)
 ParOldGen       total 429568K, used 294217K [0x0000000740000000, 0x000000075a380000, 0x0000000795580000)
  object space 429568K, 68% used [0x0000000740000000,0x0000000751f52620,0x000000075a380000)
 Metaspace       used 70103K, capacity 72011K, committed 72280K, reserved 1112064K
  class space    used 8841K, capacity 9248K, committed 9344K, reserved 1048576K
GC Heap History (10 events):
Event: 690.055 GC heap before
{Heap before GC invocations=87 (full 8):
 PSYoungGen      total 618496K, used 609295K [0x0000000795580000, 0x00000007bcd80000, 0x00000007c0000000)
  eden space 594944K, 100% used [0x0000000795580000,0x00000007b9a80000,0x00000007b9a80000)
  from space 23552K, 60% used [0x00000007bb680000,0x00000007bc483c60,0x00000007bcd80000)
  to   space 26112K, 0% used [0x00000007b9a80000,0x00000007b9a80000,0x00000007bb400000)
 ParOldGen       total 429568K, used 287960K [0x0000000740000000, 0x000000075a380000, 0x0000000795580000)
  object space 429568K, 67% used [0x0000000740000000,0x00000007519361f0,0x000000075a380000)
 Metaspace       used 70089K, capacity 72011K, committed 72280K, reserved 1112064K
  class space    used 8841K, capacity 9248K, committed 9344K, reserved 1048576K
Event: 690.169 GC heap after
Heap after GC invocations=87 (full 8):
 PSYoungGen      total 621056K, used 14194K [0x0000000795580000, 0x00000007bd100000, 0x00000007c0000000)
  eden space 594944K, 0% used [0x0000000795580000,0x0000000795580000,0x00000007b9a80000)
  from space 26112K, 54% used [0x00000007b9a80000,0x00000007ba85cb70,0x00000007bb400000)
  to   space 25088K, 0% used [0x00000007bb880000,0x00000007bb880000,0x00000007bd100000)
 ParOldGen       total 429568K, used 288124K [0x0000000740000000, 0x000000075a380000, 0x0000000795580000)
  object space 429568K, 67% used [0x0000000740000000,0x000000075195f060,0x000000075a380000)
 Metaspace       used 70089K, capacity 72011K, committed 72280K, reserved 1112064K
  class space    used 8841K, capacity 9248K, committed 9344K, reserved 1048576K
}
Event: 749.138 GC heap before
{Heap before GC invocations=88 (full 8):
 PSYoungGen      total 621056K, used 609138K [0x0000000795580000, 0x00000007bd100000, 0x00000007c0000000)
  eden space 594944K, 100% used [0x0000000795580000,0x00000007b9a80000,0x00000007b9a80000)
  from space 26112K, 54% used [0x00000007b9a80000,0x00000007ba85cb70,0x00000007bb400000)
  to   space 25088K, 0% used [0x00000007bb880000,0x00000007bb880000,0x00000007bd100000)
 ParOldGen       total 429568K, used 288124K [0x0000000740000000, 0x000000075a380000, 0x0000000795580000)
  object space 429568K, 67% used [0x0000000740000000,0x000000075195f060,0x000000075a380000)
 Metaspace       used 70089K, capacity 72011K, committed 72280K, reserved 1112064K
  class space    used 8841K, capacity 9248K, committed 9344K, reserved 1048576K
Event: 749.145 GC heap after
Heap after GC invocations=88 (full 8):
 PSYoungGen      total 620544K, used 14075K [0x0000000795580000, 0x00000007bcd80000, 0x00000007c0000000)
  eden space 599040K, 0% used [0x0000000795580000,0x0000000795580000,0x00000007b9e80000)
  from space 21504K, 65% used [0x00000007bb880000,0x00000007bc63ee70,0x00000007bcd80000)
  to   space 24064K, 0% used [0x00000007b9e80000,0x00000007b9e80000,0x00000007bb600000)
 ParOldGen       total 429568K, used 288228K [0x0000000740000000, 0x000000075a380000, 0x0000000795580000)
  object space 429568K, 67% used [0x0000000740000000,0x0000000751979060,0x000000075a380000)
 Metaspace       used 70089K, capacity 72011K, committed 72280K, reserved 1112064K
  class space    used 8841K, capacity 9248K, committed 9344K, reserved 1048576K
}
Event: 805.150 GC heap before
{Heap before GC invocations=89 (full 8):
 PSYoungGen      total 620544K, used 613115K [0x0000000795580000, 0x00000007bcd80000, 0x00000007c0000000)
  eden space 599040K, 100% used [0x0000000795580000,0x00000007b9e80000,0x00000007b9e80000)
  from space 21504K, 65% used [0x00000007bb880000,0x00000007bc63ee70,0x00000007bcd80000)
  to   space 24064K, 0% used [0x00000007b9e80000,0x00000007b9e80000,0x00000007bb600000)
 ParOldGen       total 429568K, used 288228K [0x0000000740000000, 0x000000075a380000, 0x0000000795580000)
  object space 429568K, 67% used [0x0000000740000000,0x0000000751979060,0x000000075a380000)
 Metaspace       used 70103K, capacity 72011K, committed 72280K, reserved 1112064K
  class space    used 8841K, capacity 9248K, committed 9344K, reserved 1048576K
Event: 805.159 GC heap after
Heap after GC invocations=89 (full 8):
 PSYoungGen      total 623104K, used 11354K [0x0000000795580000, 0x00000007bd000000, 0x00000007c0000000)
  eden space 599040K, 0% used [0x0000000795580000,0x0000000795580000,0x00000007b9e80000)
  from space 24064K, 47% used [0x00000007b9e80000,0x00000007ba9968d0,0x00000007bb600000)
  to   space 23552K, 0% used [0x00000007bb900000,0x00000007bb900000,0x00000007bd000000)
 ParOldGen       total 429568K, used 291331K [0x0000000740000000, 0x000000075a380000, 0x0000000795580000)
  object space 429568K, 67% used [0x0000000740000000,0x0000000751c80f60,0x000000075a380000)
 Metaspace       used 70103K, capacity 72011K, committed 72280K, reserved 1112064K
  class space    used 8841K, capacity 9248K, committed 9344K, reserved 1048576K
}
Event: 862.639 GC heap before
{Heap before GC invocations=90 (full 8):
 PSYoungGen      total 623104K, used 610394K [0x0000000795580000, 0x00000007bd000000, 0x00000007c0000000)
  eden space 599040K, 100% used [0x0000000795580000,0x00000007b9e80000,0x00000007b9e80000)
  from space 24064K, 47% used [0x00000007b9e80000,0x00000007ba9968d0,0x00000007bb600000)
  to   space 23552K, 0% used [0x00000007bb900000,0x00000007bb900000,0x00000007bd000000)
 ParOldGen       total 429568K, used 291331K [0x0000000740000000, 0x000000075a380000, 0x0000000795580000)
  object space 429568K, 67% used [0x0000000740000000,0x0000000751c80f60,0x000000075a380000)
 Metaspace       used 70103K, capacity 72011K, committed 72280K, reserved 1112064K
  class space    used 8841K, capacity 9248K, committed 9344K, reserved 1048576K
Event: 862.704 GC heap after
Heap after GC invocations=90 (full 8):
 PSYoungGen      total 583680K, used 9135K [0x0000000795580000, 0x00000007bc200000, 0x00000007c0000000)
  eden space 574464K, 0% used [0x0000000795580000,0x0000000795580000,0x00000007b8680000)
  from space 9216K, 99% used [0x00000007bb900000,0x00000007bc1ebed0,0x00000007bc200000)
  to   space 23040K, 0% used [0x00000007b9500000,0x00000007b9500000,0x00000007bab80000)
 ParOldGen       total 429568K, used 293865K [0x0000000740000000, 0x000000075a380000, 0x0000000795580000)
  object space 429568K, 68% used [0x0000000740000000,0x0000000751efa620,0x000000075a380000)
 Metaspace       used 70103K, capacity 72011K, committed 72280K, reserved 1112064K
  class space    used 8841K, capacity 9248K, committed 9344K, reserved 1048576K
}
Event: 922.750 GC heap before
{Heap before GC invocations=91 (full 8):
 PSYoungGen      total 583680K, used 583599K [0x0000000795580000, 0x00000007bc200000, 0x00000007c0000000)
  eden space 574464K, 100% used [0x0000000795580000,0x00000007b8680000,0x00000007b8680000)
  from space 9216K, 99% used [0x00000007bb900000,0x00000007bc1ebed0,0x00000007bc200000)
  to   space 23040K, 0% used [0x00000007b9500000,0x00000007b9500000,0x00000007bab80000)
 ParOldGen       total 429568K, used 293865K [0x0000000740000000, 0x000000075a380000, 0x0000000795580000)
  object space 429568K, 68% used [0x0000000740000000,0x0000000751efa620,0x000000075a380000)
 Metaspace       used 70103K, capacity 72011K, committed 72280K, reserved 1112064K
  class space    used 8841K, capacity 9248K, committed 9344K, reserved 1048576K
Event: 922.757 GC heap after
Heap after GC invocations=91 (full 8):
 PSYoungGen      total 560640K, used 8810K [0x0000000795580000, 0x00000007bb980000, 0x00000007c0000000)
  eden space 551424K, 0% used [0x0000000795580000,0x0000000795580000,0x00000007b7000000)
  from space 9216K, 95% used [0x00000007b9500000,0x00000007b9d9aa60,0x00000007b9e00000)
  to   space 23040K, 0% used [0x00000007ba300000,0x00000007ba300000,0x00000007bb980000)
 ParOldGen       total 429568K, used 294217K [0x0000000740000000, 0x000000075a380000, 0x0000000795580000)
  object space 429568K, 68% used [0x0000000740000000,0x0000000751f52620,0x000000075a380000)
 Metaspace       used 70103K, capacity 72011K, committed 72280K, reserved 1112064K
  class space    used 8841K, capacity 9248K, committed 9344K, reserved 1048576K
}

