# JRE version: Java(TM) SE Runtime Environment (8.0_201-b09) (build 1.8.0_201-b09)
# Java VM: Java HotSpot(TM) 64-Bit Server VM (25.201-b09 mixed mode bsd-amd64 compressed oops)
Heap:
 PSYoungGen      total 313856K, used 270571K [0x0000000795580000, 0x00000007ad400000, 0x00000007c0000000)
  eden space 290816K, 85% used [0x0000000795580000,0x00000007a47a2af0,0x00000007a7180000)
  from space 23040K, 98% used [0x00000007abd80000,0x00000007ad3983d8,0x00000007ad400000)
  to   space 29184K, 0% used [0x00000007a9b00000,0x00000007a9b00000,0x00000007ab780000)
 ParOldGen       total 117760K, used 47350K [0x0000000740000000, 0x0000000747300000, 0x0000000795580000)
  object space 117760K, 40% used [0x0000000740000000,0x0000000742e3dbf8,0x0000000747300000)
 Metaspace       used 33571K, capacity 34022K, committed 34264K, reserved 1079296K
  class space    used 4616K, capacity 4761K, committed 4864K, reserved 1048576K
GC Heap History (10 events):
Event: 2.619 GC heap before
{Heap before GC invocations=8 (full 1):
 PSYoungGen      total 113664K, used 113644K [0x0000000795580000, 0x00000007a1180000, 0x00000007c0000000)
  eden space 108544K, 100% used [0x0000000795580000,0x000000079bf80000,0x000000079bf80000)
  from space 5120K, 99% used [0x000000079dc80000,0x000000079e17b368,0x000000079e180000)
  to   space 29696K, 0% used [0x000000079bf80000,0x000000079bf80000,0x000000079dc80000)
 ParOldGen       total 87552K, used 60016K [0x0000000740000000, 0x0000000745580000, 0x0000000795580000)
  object space 87552K, 68% used [0x0000000740000000,0x0000000743a9c068,0x0000000745580000)
 Metaspace       used 20901K, capacity 21292K, committed 21376K, reserved 1069056K
  class space    used 2583K, capacity 2671K, committed 2688K, reserved 1048576K
Event: 2.626 GC heap after
Heap after GC invocations=8 (full 1):
 PSYoungGen      total 138240K, used 8438K [0x0000000795580000, 0x00000007a6180000, 0x00000007c0000000)
  eden space 108544K, 0% used [0x0000000795580000,0x0000000795580000,0x000000079bf80000)
  from space 29696K, 28% used [0x000000079bf80000,0x000000079c7bdb88,0x000000079dc80000)
  to   space 28672K, 0% used [0x00000007a4580000,0x00000007a4580000,0x00000007a6180000)
 ParOldGen       total 87552K, used 60024K [0x0000000740000000, 0x0000000745580000, 0x0000000795580000)
  object space 87552K, 68% used [0x0000000740000000,0x0000000743a9e068,0x0000000745580000)
 Metaspace       used 20901K, capacity 21292K, committed 21376K, reserved 1069056K
  class space    used 2583K, capacity 2671K, committed 2688K, reserved 1048576K
}
Event: 2.897 GC heap before
{Heap before GC invocations=9 (full 1):
 PSYoungGen      total 138240K, used 30649K [0x0000000795580000, 0x00000007a6180000, 0x00000007c0000000)
  eden space 108544K, 20% used [0x0000000795580000,0x0000000796b30ba0,0x000000079bf80000)
  from space 29696K, 28% used [0x000000079bf80000,0x000000079c7bdb88,0x000000079dc80000)
  to   space 28672K, 0% used [0x00000007a4580000,0x00000007a4580000,0x00000007a6180000)
 ParOldGen       total 87552K, used 60024K [0x0000000740000000, 0x0000000745580000, 0x0000000795580000)
  object space 87552K, 68% used [0x0000000740000000,0x0000000743a9e068,0x0000000745580000)
 Metaspace       used 21542K, capacity 21844K, committed 21976K, reserved 1069056K
  class space    used 2664K, capacity 2769K, committed 2816K, reserved 1048576K
Event: 2.913 GC heap after
Heap after GC invocations=9 (full 1):
 PSYoungGen      total 245760K, used 16882K [0x0000000795580000, 0x00000007a6180000, 0x00000007c0000000)
  eden space 217088K, 0% used [0x0000000795580000,0x0000000795580000,0x00000007a2980000)
  from space 28672K, 58% used [0x00000007a4580000,0x00000007a55fcb98,0x00000007a6180000)
  to   space 28672K, 0% used [0x00000007a2980000,0x00000007a2980000,0x00000007a4580000)
 ParOldGen       total 87552K, used 61071K [0x0000000740000000, 0x0000000745580000, 0x0000000795580000)
  object space 87552K, 69% used [0x0000000740000000,0x0000000743ba3f50,0x0000000745580000)
 Metaspace       used 21542K, capacity 21844K, committed 21976K, reserved 1069056K
  class space    used 2664K, capacity 2769K, committed 2816K, reserved 1048576K
}
Event: 2.913 GC heap before
{Heap before GC invocations=10 (full 2):
 PSYoungGen      total 245760K, used 16882K [0x0000000795580000, 0x00000007a6180000, 0x00000007c0000000)
  eden space 217088K, 0% used [0x0000000795580000,0x0000000795580000,0x00000007a2980000)
  from space 28672K, 58% used [0x00000007a4580000,0x00000007a55fcb98,0x00000007a6180000)
  to   space 28672K, 0% used [0x00000007a2980000,0x00000007a2980000,0x00000007a4580000)
 ParOldGen       total 87552K, used 61071K [0x0000000740000000, 0x0000000745580000, 0x0000000795580000)
  object space 87552K, 69% used [0x0000000740000000,0x0000000743ba3f50,0x0000000745580000)
 Metaspace       used 21542K, capacity 21844K, committed 21976K, reserved 1069056K
  class space    used 2664K, capacity 2769K, committed 2816K, reserved 1048576K
Event: 2.971 GC heap after
Heap after GC invocations=10 (full 2):
 PSYoungGen      total 245760K, used 0K [0x0000000795580000, 0x00000007a6180000, 0x00000007c0000000)
  eden space 217088K, 0% used [0x0000000795580000,0x0000000795580000,0x00000007a2980000)
  from space 28672K, 0% used [0x00000007a4580000,0x00000007a4580000,0x00000007a6180000)
  to   space 28672K, 0% used [0x00000007a2980000,0x00000007a2980000,0x00000007a4580000)
 ParOldGen       total 117760K, used 47334K [0x0000000740000000, 0x0000000747300000, 0x0000000795580000)
  object space 117760K, 40% used [0x0000000740000000,0x0000000742e39bf8,0x0000000747300000)
 Metaspace       used 21542K, capacity 21844K, committed 21976K, reserved 1069056K
  class space    used 2664K, capacity 2769K, committed 2816K, reserved 1048576K
}
Event: 3.942 GC heap before
{Heap before GC invocations=11 (full 2):
 PSYoungGen      total 245760K, used 217088K [0x0000000795580000, 0x00000007a6180000, 0x00000007c0000000)
  eden space 217088K, 100% used [0x0000000795580000,0x00000007a2980000,0x00000007a2980000)
  from space 28672K, 0% used [0x00000007a4580000,0x00000007a4580000,0x00000007a6180000)
  to   space 28672K, 0% used [0x00000007a2980000,0x00000007a2980000,0x00000007a4580000)
 ParOldGen       total 117760K, used 47334K [0x0000000740000000, 0x0000000747300000, 0x0000000795580000)
  object space 117760K, 40% used [0x0000000740000000,0x0000000742e39bf8,0x0000000747300000)
 Metaspace       used 25712K, capacity 26032K, committed 26456K, reserved 1073152K
  class space    used 3238K, capacity 3353K, committed 3456K, reserved 1048576K
Event: 3.960 GC heap after
Heap after GC invocations=11 (full 2):
 PSYoungGen      total 245760K, used 12941K [0x0000000795580000, 0x00000007ad800000, 0x00000007c0000000)
  eden space 217088K, 0% used [0x0000000795580000,0x0000000795580000,0x00000007a2980000)
  from space 28672K, 45% used [0x00000007a2980000,0x00000007a36236a8,0x00000007a4580000)
  to   space 27136K, 0% used [0x00000007abd80000,0x00000007abd80000,0x00000007ad800000)
 ParOldGen       total 117760K, used 47342K [0x0000000740000000, 0x0000000747300000, 0x0000000795580000)
  object space 117760K, 40% used [0x0000000740000000,0x0000000742e3bbf8,0x0000000747300000)
 Metaspace       used 25712K, capacity 26032K, committed 26456K, reserved 1073152K
  class space    used 3238K, capacity 3353K, committed 3456K, reserved 1048576K
}
Event: 4.685 GC heap before
{Heap before GC invocations=12 (full 2):
 PSYoungGen      total 245760K, used 230029K [0x0000000795580000, 0x00000007ad800000, 0x00000007c0000000)
  eden space 217088K, 100% used [0x0000000795580000,0x00000007a2980000,0x00000007a2980000)
  from space 28672K, 45% used [0x00000007a2980000,0x00000007a36236a8,0x00000007a4580000)
  to   space 27136K, 0% used [0x00000007abd80000,0x00000007abd80000,0x00000007ad800000)
 ParOldGen       total 117760K, used 47342K [0x0000000740000000, 0x0000000747300000, 0x0000000795580000)
  object space 117760K, 40% used [0x0000000740000000,0x0000000742e3bbf8,0x0000000747300000)
 Metaspace       used 28278K, capacity 28592K, committed 29016K, reserved 1075200K
  class space    used 3784K, capacity 3865K, committed 3968K, reserved 1048576K
Event: 4.710 GC heap after
Heap after GC invocations=12 (full 2):
 PSYoungGen      total 313856K, used 22624K [0x0000000795580000, 0x00000007ad400000, 0x00000007c0000000)
  eden space 290816K, 0% used [0x0000000795580000,0x0000000795580000,0x00000007a7180000)
  from space 23040K, 98% used [0x00000007abd80000,0x00000007ad3983d8,0x00000007ad400000)
  to   space 29184K, 0% used [0x00000007a9b00000,0x00000007a9b00000,0x00000007ab780000)
 ParOldGen       total 117760K, used 47350K [0x0000000740000000, 0x0000000747300000, 0x0000000795580000)
  object space 117760K, 40% used [0x0000000740000000,0x0000000742e3dbf8,0x0000000747300000)
 Metaspace       used 28278K, capacity 28592K, committed 29016K, reserved 1075200K
  class space    used 3784K, capacity 3865K, committed 3968K, reserved 1048576K
}

